2025-01-08 22:30:16 INFO Received ping from client
2025-01-08 22:31:23 INFO Received ping from client
2025-01-08 22:34:06 INFO message: {"action": "ping"}
2025-01-08 22:34:06 INFO Received ping from client
2025-01-08 22:34:32 INFO message: {"action": "register", "r_usr": "kawasaki", "r_pwd": "00390de2b7074071bb6494e818e84884ef6331ceb0b1e70948bde3ef4ba57b92"}
2025-01-08 22:37:49 INFO message: {"action": "ping"}
2025-01-08 22:37:49 INFO Received ping from client
2025-01-08 22:38:05 INFO message: {"action": "login", "r_usr": "shibuya", "r_pwd": "00390de2b7074071bb6494e818e84884ef6331ceb0b1e70948bde3ef4ba57b92"}
2025-01-08 22:38:25 INFO message: {"action": "ping"}
2025-01-08 22:38:25 INFO Received ping from client
2025-01-08 22:44:56 INFO message: {"action": "ping"}
2025-01-08 22:44:56 INFO Received ping from client
2025-01-08 22:45:49 INFO message: {"action": "add_user", "r_user": "kobe", "r_pwd": "00390de2b7074071bb6494e818e84884ef6331ceb0b1e70948bde3ef4ba57b92"}
2025-01-08 22:46:43 INFO message: {"action": "ping"}
2025-01-08 22:46:43 INFO Received ping from client
2025-01-08 22:47:13 INFO message: {"action": "add_user", "r_user": "saitama", "r_pwd": "00390de2b7074071bb6494e818e84884ef6331ceb0b1e70948bde3ef4ba57b92"}
2025-01-08 22:47:48 INFO message: {"action": "add_user", "r_user": "saitama", "hash": "00390de2b7074071bb6494e818e84884ef6331ceb0b1e70948bde3ef4ba57b92"}
2025-01-08 22:47:48 INFO Adding user: saitama with hash: 00390de2b7074071bb6494e818e84884ef6331ceb0b1e70948bde3ef4ba57b92
2025-01-08 22:49:22 INFO message: {"action": "ping"}
2025-01-08 22:49:22 INFO Received ping from client
2025-01-08 22:49:51 INFO message: {"action": "login", "r_user": "yokohama", "hash": "00390de2b7074071bb6494e818e84884ef6331ceb0b1e70948bde3ef4ba57b92"}
2025-01-08 22:51:21 INFO message: {"action": "ping"}
2025-01-08 22:51:21 INFO Received ping from client
2025-01-08 22:51:32 INFO message: {"action": "add_user", "r_user": "sendai", "hash": "00390de2b7074071bb6494e818e84884ef6331ceb0b1e70948bde3ef4ba57b92"}
2025-01-08 22:51:32 INFO Adding user: sendai with hash: 00390de2b7074071bb6494e818e84884ef6331ceb0b1e70948bde3ef4ba57b92
2025-01-08 22:53:43 INFO message: {"action": "login", "r_user": "tokyo", "hash": "00390de2b7074071bb6494e818e84884ef6331ceb0b1e70948bde3ef4ba57b92"}
2025-01-08 22:54:12 INFO message: {"action": "add_user", "r_user": "akita", "hash": "00390de2b7074071bb6494e818e84884ef6331ceb0b1e70948bde3ef4ba57b92"}
2025-01-08 22:54:12 INFO Adding user: akita with hash: 00390de2b7074071bb6494e818e84884ef6331ceb0b1e70948bde3ef4ba57b92
2025-01-08 22:56:29 INFO message: {"action": "ping"}
2025-01-08 22:56:29 INFO Received ping from client
2025-01-08 22:57:18 INFO message: {"action": "add_user", "r_user": "otsu", "hash": "00390de2b7074071bb6494e818e84884ef6331ceb0b1e70948bde3ef4ba57b92"}
2025-01-08 22:57:18 INFO Creating user: otsu with hash: 00390de2b7074071bb6494e818e84884ef6331ceb0b1e70948bde3ef4ba57b92
2025-01-08 22:57:18 INFO Adding user: otsu with hash: 00390de2b7074071bb6494e818e84884ef6331ceb0b1e70948bde3ef4ba57b92
2025-01-08 23:01:39 INFO message: {"action": "add_user", "r_user": "akita", "hash": "00390de2b7074071bb6494e818e84884ef6331ceb0b1e70948bde3ef4ba57b92"}
2025-01-08 23:01:39 INFO Creating user: akita with hash: 00390de2b7074071bb6494e818e84884ef6331ceb0b1e70948bde3ef4ba57b92
2025-01-08 23:01:39 INFO Adding user: akita with hash: 00390de2b7074071bb6494e818e84884ef6331ceb0b1e70948bde3ef4ba57b92
2025-01-08 23:01:47 INFO message: {"action": "login", "r_user": "kawasaki", "hash": "00390de2b7074071bb6494e818e84884ef6331ceb0b1e70948bde3ef4ba57b92"}
2025-01-08 23:01:53 INFO message: {"action": "add_user", "r_user": "kawasaki", "hash": "00390de2b7074071bb6494e818e84884ef6331ceb0b1e70948bde3ef4ba57b92"}
2025-01-08 23:01:53 INFO Creating user: kawasaki with hash: 00390de2b7074071bb6494e818e84884ef6331ceb0b1e70948bde3ef4ba57b92
2025-01-08 23:01:54 INFO Adding user: kawasaki with hash: 00390de2b7074071bb6494e818e84884ef6331ceb0b1e70948bde3ef4ba57b92
2025-01-08 23:01:58 INFO message: {"action": "add_user", "r_user": "nagoya", "hash": "00390de2b7074071bb6494e818e84884ef6331ceb0b1e70948bde3ef4ba57b92"}
2025-01-08 23:01:58 INFO Creating user: nagoya with hash: 00390de2b7074071bb6494e818e84884ef6331ceb0b1e70948bde3ef4ba57b92
2025-01-08 23:01:58 INFO Adding user: nagoya with hash: 00390de2b7074071bb6494e818e84884ef6331ceb0b1e70948bde3ef4ba57b92
2025-01-08 23:02:02 INFO message: {"action": "add_user", "r_user": "shibuya", "hash": "00390de2b7074071bb6494e818e84884ef6331ceb0b1e70948bde3ef4ba57b92"}
2025-01-08 23:02:02 INFO Creating user: shibuya with hash: 00390de2b7074071bb6494e818e84884ef6331ceb0b1e70948bde3ef4ba57b92
2025-01-08 23:02:02 INFO Adding user: shibuya with hash: 00390de2b7074071bb6494e818e84884ef6331ceb0b1e70948bde3ef4ba57b92
2025-01-08 23:02:05 INFO message: {"action": "add_user", "r_user": "tokyo", "hash": "00390de2b7074071bb6494e818e84884ef6331ceb0b1e70948bde3ef4ba57b92"}
2025-01-08 23:02:05 INFO Creating user: tokyo with hash: 00390de2b7074071bb6494e818e84884ef6331ceb0b1e70948bde3ef4ba57b92
2025-01-08 23:02:05 INFO Adding user: tokyo with hash: 00390de2b7074071bb6494e818e84884ef6331ceb0b1e70948bde3ef4ba57b92
2025-01-08 23:02:10 INFO message: {"action": "add_user", "r_user": "yokohama", "hash": "00390de2b7074071bb6494e818e84884ef6331ceb0b1e70948bde3ef4ba57b92"}
2025-01-08 23:02:10 INFO Creating user: yokohama with hash: 00390de2b7074071bb6494e818e84884ef6331ceb0b1e70948bde3ef4ba57b92
2025-01-08 23:02:10 INFO Adding user: yokohama with hash: 00390de2b7074071bb6494e818e84884ef6331ceb0b1e70948bde3ef4ba57b92
2025-01-10 08:53:40 INFO message: {"action": "ping"}
2025-01-10 08:53:40 INFO Received ping from client
2025-01-10 09:24:09 INFO message: {"action": "login", "r_user": "shibuya", "hash": "00390de2b7074071bb6494e818e84884ef6331ceb0b1e70948bde3ef4ba57b92"}
2025-01-10 09:36:44 INFO message: {"action": "ping"}
2025-01-10 09:36:44 INFO Received ping from client
2025-01-10 09:36:57 INFO message: {"action": "add_user", "r_user": "jiggly", "hash": "a6761ccff1191f3ee53acada4f7965241538511ef6eb52d37974507ab5a9023e"}
2025-01-10 09:36:57 INFO Creating user: jiggly with hash: a6761ccff1191f3ee53acada4f7965241538511ef6eb52d37974507ab5a9023e
2025-01-10 09:36:57 INFO Adding user: jiggly with hash: a6761ccff1191f3ee53acada4f7965241538511ef6eb52d37974507ab5a9023e
2025-01-10 09:42:02 INFO message: {"action": "ping"}
2025-01-10 09:42:02 INFO Received ping from client
2025-01-10 09:42:06 INFO message: {"action": "login", "r_user": "jiggly", "hash": "a6761ccff1191f3ee53acada4f7965241538511ef6eb52d37974507ab5a9023e"}
2025-01-10 09:42:50 INFO message: {"action": "add_user", "r_user": "aryan", "hash": "00390de2b7074071bb6494e818e84884ef6331ceb0b1e70948bde3ef4ba57b92"}
2025-01-10 09:42:50 INFO Creating user: aryan with hash: 00390de2b7074071bb6494e818e84884ef6331ceb0b1e70948bde3ef4ba57b92
2025-01-10 09:42:50 INFO Adding user: aryan with hash: 00390de2b7074071bb6494e818e84884ef6331ceb0b1e70948bde3ef4ba57b92
2025-01-11 21:41:30 INFO message: {"action": "ping"}
2025-01-11 21:41:30 INFO Received ping from client
2025-01-11 21:42:34 INFO message: {"action": "add_user", "r_user": "joel", "hash": "00390de2b7074071bb6494e818e84884ef6331ceb0b1e70948bde3ef4ba57b92"}
2025-01-11 21:42:34 INFO Creating user: joel with hash: 00390de2b7074071bb6494e818e84884ef6331ceb0b1e70948bde3ef4ba57b92
2025-01-11 21:42:34 INFO Adding user: joel with hash: 00390de2b7074071bb6494e818e84884ef6331ceb0b1e70948bde3ef4ba57b92
2025-01-11 22:04:30 INFO message: {"action": "ping"}
2025-01-11 22:04:30 INFO Received ping from client
2025-01-11 22:05:46 INFO message: {"action": "ping"}
2025-01-11 22:05:46 INFO Received ping from client
2025-01-11 22:12:27 INFO message: {"action": "ping"}
2025-01-11 22:13:35 INFO message: {"action": "ping", "ip_addr": "192.168.1.221"}
2025-01-11 22:13:35 INFO Received ping from 192.168.1.221
2025-01-11 22:14:29 INFO message: {"action": "register_user", "ip_addr": "192.168.1.221", "r_user": "joel", "hash": "00390de2b7074071bb6494e818e84884ef6331ceb0b1e70948bde3ef4ba57b92"}
2025-01-11 22:14:29 INFO User: joel already exists
2025-01-11 22:14:29 INFO User: joel already exists
2025-01-11 22:18:47 INFO message: {"action": "ping", "ip_addr": "192.168.1.221"}
2025-01-11 22:18:47 INFO Received ping from 192.168.1.221
2025-01-11 22:19:01 INFO message: {"action": "register_user", "ip_addr": "192.168.1.221", "r_user": "joel", "hash": "38de90475bb334fb3dea5d54f250500aba60fe2c6158115d342b06bcb46e39bf"}
2025-01-11 22:19:01 INFO User: joel already exists
2025-01-11 22:19:01 INFO User: joel already exists
2025-01-11 22:25:20 INFO message: {"action": "ping", "ip_addr": "192.168.1.221"}
2025-01-11 22:25:20 INFO Received ping from 192.168.1.221
2025-01-11 22:25:38 INFO message: {"action": "register_user", "ip_addr": "192.168.1.221", "r_user": "joel", "hash": "4d06a5b2e3702d8e6418e2e037764fbe730ada4eff6f464593d52f3b24cceffc"}
2025-01-11 22:25:38 INFO User: joel already exists
2025-01-11 22:25:38 INFO User: joel already exists
